[2020-12-15 22:18:13] Текст ошибки:
        Страница не найдена | Файл: C:\OpenServerNew\OpenServer\domains\ishop2\vendor\ishop\core\Router.php | Строка: 45
------------------
[2020-12-15 22:41:58] Текст ошибки:
        Страница не найдена | Файл: C:\OpenServerNew\OpenServer\domains\ishop2\vendor\ishop\core\Router.php | Строка: 45
------------------
[2020-12-15 22:41:59] Текст ошибки:
        Страница не найдена | Файл: C:\OpenServerNew\OpenServer\domains\ishop2\vendor\ishop\core\Router.php | Строка: 45
------------------
[2020-12-15 22:41:59] Текст ошибки:
        Страница не найдена | Файл: C:\OpenServerNew\OpenServer\domains\ishop2\vendor\ishop\core\Router.php | Строка: 45
------------------
[2020-12-15 22:42:00] Текст ошибки:
        Страница не найдена | Файл: C:\OpenServerNew\OpenServer\domains\ishop2\vendor\ishop\core\Router.php | Строка: 45
------------------
[2020-12-15 22:42:00] Текст ошибки:
        Страница не найдена | Файл: C:\OpenServerNew\OpenServer\domains\ishop2\vendor\ishop\core\Router.php | Строка: 45
------------------
[2020-12-15 22:42:00] Текст ошибки:
        Страница не найдена | Файл: C:\OpenServerNew\OpenServer\domains\ishop2\vendor\ishop\core\Router.php | Строка: 45
------------------
[2020-12-15 22:42:01] Текст ошибки:
        Страница не найдена | Файл: C:\OpenServerNew\OpenServer\domains\ishop2\vendor\ishop\core\Router.php | Строка: 45
------------------
[2020-12-15 22:42:01] Текст ошибки:
        Страница не найдена | Файл: C:\OpenServerNew\OpenServer\domains\ishop2\vendor\ishop\core\Router.php | Строка: 45
------------------
[2020-12-15 22:42:02] Текст ошибки:
        Страница не найдена | Файл: C:\OpenServerNew\OpenServer\domains\ishop2\vendor\ishop\core\Router.php | Строка: 45
------------------
[2020-12-15 22:42:02] Текст ошибки:
        Страница не найдена | Файл: C:\OpenServerNew\OpenServer\domains\ishop2\vendor\ishop\core\Router.php | Строка: 45
------------------
[2020-12-15 22:42:03] Текст ошибки:
        Страница не найдена | Файл: C:\OpenServerNew\OpenServer\domains\ishop2\vendor\ishop\core\Router.php | Строка: 45
------------------
[2020-12-15 22:42:03] Текст ошибки:
        Страница не найдена | Файл: C:\OpenServerNew\OpenServer\domains\ishop2\vendor\ishop\core\Router.php | Строка: 45
------------------
[2020-12-15 22:42:03] Текст ошибки:
        Страница не найдена | Файл: C:\OpenServerNew\OpenServer\domains\ishop2\vendor\ishop\core\Router.php | Строка: 45
------------------
[2020-12-15 22:42:04] Текст ошибки:
        Страница не найдена | Файл: C:\OpenServerNew\OpenServer\domains\ishop2\vendor\ishop\core\Router.php | Строка: 45
------------------
[2020-12-15 22:42:04] Текст ошибки:
        Страница не найдена | Файл: C:\OpenServerNew\OpenServer\domains\ishop2\vendor\ishop\core\Router.php | Строка: 45
------------------
[2020-12-15 22:42:05] Текст ошибки:
        Страница не найдена | Файл: C:\OpenServerNew\OpenServer\domains\ishop2\vendor\ishop\core\Router.php | Строка: 45
------------------
[2020-12-15 22:42:05] Текст ошибки:
        Страница не найдена | Файл: C:\OpenServerNew\OpenServer\domains\ishop2\vendor\ishop\core\Router.php | Строка: 45
------------------
[2020-12-15 22:42:06] Текст ошибки:
        Страница не найдена | Файл: C:\OpenServerNew\OpenServer\domains\ishop2\vendor\ishop\core\Router.php | Строка: 45
------------------
[2020-12-15 22:42:06] Текст ошибки:
        Страница не найдена | Файл: C:\OpenServerNew\OpenServer\domains\ishop2\vendor\ishop\core\Router.php | Строка: 45
------------------
[2020-12-15 22:42:06] Текст ошибки:
        Страница не найдена | Файл: C:\OpenServerNew\OpenServer\domains\ishop2\vendor\ishop\core\Router.php | Строка: 45
------------------
[2020-12-15 22:42:07] Текст ошибки:
        Страница не найдена | Файл: C:\OpenServerNew\OpenServer\domains\ishop2\vendor\ishop\core\Router.php | Строка: 45
------------------
[2020-12-15 22:42:07] Текст ошибки:
        Страница не найдена | Файл: C:\OpenServerNew\OpenServer\domains\ishop2\vendor\ishop\core\Router.php | Строка: 45
------------------
[2020-12-15 22:42:08] Текст ошибки:
        Страница не найдена | Файл: C:\OpenServerNew\OpenServer\domains\ishop2\vendor\ishop\core\Router.php | Строка: 45
------------------
[2020-12-15 22:42:08] Текст ошибки:
        Страница не найдена | Файл: C:\OpenServerNew\OpenServer\domains\ishop2\vendor\ishop\core\Router.php | Строка: 45
------------------
[2020-12-15 22:42:09] Текст ошибки:
        Страница не найдена | Файл: C:\OpenServerNew\OpenServer\domains\ishop2\vendor\ishop\core\Router.php | Строка: 45
------------------
[2020-12-15 22:42:09] Текст ошибки:
        Страница не найдена | Файл: C:\OpenServerNew\OpenServer\domains\ishop2\vendor\ishop\core\Router.php | Строка: 45
------------------
[2020-12-15 22:42:10] Текст ошибки:
        Страница не найдена | Файл: C:\OpenServerNew\OpenServer\domains\ishop2\vendor\ishop\core\Router.php | Строка: 45
------------------
[2020-12-15 22:43:18] Текст ошибки:
        Страница не найдена | Файл: C:\OpenServerNew\OpenServer\domains\ishop2\vendor\ishop\core\Router.php | Строка: 45
------------------
[2020-12-15 22:43:19] Текст ошибки:
        Страница не найдена | Файл: C:\OpenServerNew\OpenServer\domains\ishop2\vendor\ishop\core\Router.php | Строка: 45
------------------
[2020-12-15 22:43:19] Текст ошибки:
        Страница не найдена | Файл: C:\OpenServerNew\OpenServer\domains\ishop2\vendor\ishop\core\Router.php | Строка: 45
------------------
[2020-12-15 22:43:19] Текст ошибки:
        Страница не найдена | Файл: C:\OpenServerNew\OpenServer\domains\ishop2\vendor\ishop\core\Router.php | Строка: 45
------------------
[2020-12-15 22:43:20] Текст ошибки:
        Страница не найдена | Файл: C:\OpenServerNew\OpenServer\domains\ishop2\vendor\ishop\core\Router.php | Строка: 45
------------------
[2020-12-15 22:43:20] Текст ошибки:
        Страница не найдена | Файл: C:\OpenServerNew\OpenServer\domains\ishop2\vendor\ishop\core\Router.php | Строка: 45
------------------
[2020-12-15 22:43:21] Текст ошибки:
        Страница не найдена | Файл: C:\OpenServerNew\OpenServer\domains\ishop2\vendor\ishop\core\Router.php | Строка: 45
------------------
[2020-12-15 22:43:21] Текст ошибки:
        Страница не найдена | Файл: C:\OpenServerNew\OpenServer\domains\ishop2\vendor\ishop\core\Router.php | Строка: 45
------------------
[2020-12-15 22:43:22] Текст ошибки:
        Страница не найдена | Файл: C:\OpenServerNew\OpenServer\domains\ishop2\vendor\ishop\core\Router.php | Строка: 45
------------------
[2020-12-15 22:43:22] Текст ошибки:
        Страница не найдена | Файл: C:\OpenServerNew\OpenServer\domains\ishop2\vendor\ishop\core\Router.php | Строка: 45
------------------
[2020-12-15 22:43:22] Текст ошибки:
        Страница не найдена | Файл: C:\OpenServerNew\OpenServer\domains\ishop2\vendor\ishop\core\Router.php | Строка: 45
------------------
[2020-12-15 22:43:23] Текст ошибки:
        Страница не найдена | Файл: C:\OpenServerNew\OpenServer\domains\ishop2\vendor\ishop\core\Router.php | Строка: 45
------------------
[2020-12-15 22:43:23] Текст ошибки:
        Страница не найдена | Файл: C:\OpenServerNew\OpenServer\domains\ishop2\vendor\ishop\core\Router.php | Строка: 45
------------------
[2020-12-15 22:43:24] Текст ошибки:
        Страница не найдена | Файл: C:\OpenServerNew\OpenServer\domains\ishop2\vendor\ishop\core\Router.php | Строка: 45
------------------
[2020-12-15 22:43:24] Текст ошибки:
        Страница не найдена | Файл: C:\OpenServerNew\OpenServer\domains\ishop2\vendor\ishop\core\Router.php | Строка: 45
------------------
[2020-12-15 22:43:25] Текст ошибки:
        Страница не найдена | Файл: C:\OpenServerNew\OpenServer\domains\ishop2\vendor\ishop\core\Router.php | Строка: 45
------------------
[2020-12-15 22:43:25] Текст ошибки:
        Страница не найдена | Файл: C:\OpenServerNew\OpenServer\domains\ishop2\vendor\ishop\core\Router.php | Строка: 45
------------------
[2020-12-15 22:43:25] Текст ошибки:
        Страница не найдена | Файл: C:\OpenServerNew\OpenServer\domains\ishop2\vendor\ishop\core\Router.php | Строка: 45
------------------
[2020-12-15 22:43:26] Текст ошибки:
        Страница не найдена | Файл: C:\OpenServerNew\OpenServer\domains\ishop2\vendor\ishop\core\Router.php | Строка: 45
------------------
[2020-12-15 22:43:26] Текст ошибки:
        Страница не найдена | Файл: C:\OpenServerNew\OpenServer\domains\ishop2\vendor\ishop\core\Router.php | Строка: 45
------------------
[2020-12-15 22:43:27] Текст ошибки:
        Страница не найдена | Файл: C:\OpenServerNew\OpenServer\domains\ishop2\vendor\ishop\core\Router.php | Строка: 45
------------------
[2020-12-15 22:43:27] Текст ошибки:
        Страница не найдена | Файл: C:\OpenServerNew\OpenServer\domains\ishop2\vendor\ishop\core\Router.php | Строка: 45
------------------
[2020-12-15 22:43:28] Текст ошибки:
        Страница не найдена | Файл: C:\OpenServerNew\OpenServer\domains\ishop2\vendor\ishop\core\Router.php | Строка: 45
------------------
[2020-12-15 22:43:28] Текст ошибки:
        Страница не найдена | Файл: C:\OpenServerNew\OpenServer\domains\ishop2\vendor\ishop\core\Router.php | Строка: 45
------------------
[2020-12-15 22:43:28] Текст ошибки:
        Страница не найдена | Файл: C:\OpenServerNew\OpenServer\domains\ishop2\vendor\ishop\core\Router.php | Строка: 45
------------------
[2020-12-15 22:43:29] Текст ошибки:
        Страница не найдена | Файл: C:\OpenServerNew\OpenServer\domains\ishop2\vendor\ishop\core\Router.php | Строка: 45
------------------
[2020-12-15 22:43:29] Текст ошибки:
        Страница не найдена | Файл: C:\OpenServerNew\OpenServer\domains\ishop2\vendor\ishop\core\Router.php | Строка: 45
------------------
[2020-12-15 22:43:30] Текст ошибки:
        Страница не найдена | Файл: C:\OpenServerNew\OpenServer\domains\ishop2\vendor\ishop\core\Router.php | Строка: 45
------------------
[2020-12-15 22:43:31] Текст ошибки:
        Страница не найдена | Файл: C:\OpenServerNew\OpenServer\domains\ishop2\vendor\ishop\core\Router.php | Строка: 45
------------------
[2020-12-15 22:43:32] Текст ошибки:
        Страница не найдена | Файл: C:\OpenServerNew\OpenServer\domains\ishop2\vendor\ishop\core\Router.php | Строка: 45
------------------
[2020-12-15 22:44:39] Текст ошибки:
        Страница не найдена | Файл: C:\OpenServerNew\OpenServer\domains\ishop2\vendor\ishop\core\Router.php | Строка: 45
------------------
[2020-12-15 22:44:40] Текст ошибки:
        Страница не найдена | Файл: C:\OpenServerNew\OpenServer\domains\ishop2\vendor\ishop\core\Router.php | Строка: 45
------------------
[2020-12-15 22:44:40] Текст ошибки:
        Страница не найдена | Файл: C:\OpenServerNew\OpenServer\domains\ishop2\vendor\ishop\core\Router.php | Строка: 45
------------------
[2020-12-15 22:44:40] Текст ошибки:
        Страница не найдена | Файл: C:\OpenServerNew\OpenServer\domains\ishop2\vendor\ishop\core\Router.php | Строка: 45
------------------
[2020-12-15 22:44:41] Текст ошибки:
        Страница не найдена | Файл: C:\OpenServerNew\OpenServer\domains\ishop2\vendor\ishop\core\Router.php | Строка: 45
------------------
[2020-12-15 22:44:41] Текст ошибки:
        Страница не найдена | Файл: C:\OpenServerNew\OpenServer\domains\ishop2\vendor\ishop\core\Router.php | Строка: 45
------------------
[2020-12-15 22:44:42] Текст ошибки:
        Страница не найдена | Файл: C:\OpenServerNew\OpenServer\domains\ishop2\vendor\ishop\core\Router.php | Строка: 45
------------------
[2020-12-15 22:44:42] Текст ошибки:
        Страница не найдена | Файл: C:\OpenServerNew\OpenServer\domains\ishop2\vendor\ishop\core\Router.php | Строка: 45
------------------
[2020-12-15 22:44:43] Текст ошибки:
        Страница не найдена | Файл: C:\OpenServerNew\OpenServer\domains\ishop2\vendor\ishop\core\Router.php | Строка: 45
------------------
[2020-12-15 22:44:43] Текст ошибки:
        Страница не найдена | Файл: C:\OpenServerNew\OpenServer\domains\ishop2\vendor\ishop\core\Router.php | Строка: 45
------------------
[2020-12-15 22:44:43] Текст ошибки:
        Страница не найдена | Файл: C:\OpenServerNew\OpenServer\domains\ishop2\vendor\ishop\core\Router.php | Строка: 45
------------------
[2020-12-15 22:44:44] Текст ошибки:
        Страница не найдена | Файл: C:\OpenServerNew\OpenServer\domains\ishop2\vendor\ishop\core\Router.php | Строка: 45
------------------
[2020-12-15 22:44:44] Текст ошибки:
        Страница не найдена | Файл: C:\OpenServerNew\OpenServer\domains\ishop2\vendor\ishop\core\Router.php | Строка: 45
------------------
[2020-12-15 22:44:45] Текст ошибки:
        Страница не найдена | Файл: C:\OpenServerNew\OpenServer\domains\ishop2\vendor\ishop\core\Router.php | Строка: 45
------------------
[2020-12-15 22:44:45] Текст ошибки:
        Страница не найдена | Файл: C:\OpenServerNew\OpenServer\domains\ishop2\vendor\ishop\core\Router.php | Строка: 45
------------------
[2020-12-15 22:44:46] Текст ошибки:
        Страница не найдена | Файл: C:\OpenServerNew\OpenServer\domains\ishop2\vendor\ishop\core\Router.php | Строка: 45
------------------
[2020-12-15 22:44:46] Текст ошибки:
        Страница не найдена | Файл: C:\OpenServerNew\OpenServer\domains\ishop2\vendor\ishop\core\Router.php | Строка: 45
------------------
[2020-12-15 22:44:46] Текст ошибки:
        Страница не найдена | Файл: C:\OpenServerNew\OpenServer\domains\ishop2\vendor\ishop\core\Router.php | Строка: 45
------------------
[2020-12-15 22:44:47] Текст ошибки:
        Страница не найдена | Файл: C:\OpenServerNew\OpenServer\domains\ishop2\vendor\ishop\core\Router.php | Строка: 45
------------------
[2020-12-15 22:44:47] Текст ошибки:
        Страница не найдена | Файл: C:\OpenServerNew\OpenServer\domains\ishop2\vendor\ishop\core\Router.php | Строка: 45
------------------
[2020-12-15 22:44:48] Текст ошибки:
        Страница не найдена | Файл: C:\OpenServerNew\OpenServer\domains\ishop2\vendor\ishop\core\Router.php | Строка: 45
------------------
[2020-12-15 22:44:48] Текст ошибки:
        Страница не найдена | Файл: C:\OpenServerNew\OpenServer\domains\ishop2\vendor\ishop\core\Router.php | Строка: 45
------------------
[2020-12-15 22:44:49] Текст ошибки:
        Страница не найдена | Файл: C:\OpenServerNew\OpenServer\domains\ishop2\vendor\ishop\core\Router.php | Строка: 45
------------------
[2020-12-15 22:44:49] Текст ошибки:
        Страница не найдена | Файл: C:\OpenServerNew\OpenServer\domains\ishop2\vendor\ishop\core\Router.php | Строка: 45
------------------
[2020-12-15 22:44:50] Текст ошибки:
        Страница не найдена | Файл: C:\OpenServerNew\OpenServer\domains\ishop2\vendor\ishop\core\Router.php | Строка: 45
------------------
[2020-12-15 22:44:50] Текст ошибки:
        Страница не найдена | Файл: C:\OpenServerNew\OpenServer\domains\ishop2\vendor\ishop\core\Router.php | Строка: 45
------------------
[2020-12-15 22:44:50] Текст ошибки:
        Страница не найдена | Файл: C:\OpenServerNew\OpenServer\domains\ishop2\vendor\ishop\core\Router.php | Строка: 45
------------------
[2020-12-15 22:44:51] Текст ошибки:
        Страница не найдена | Файл: C:\OpenServerNew\OpenServer\domains\ishop2\vendor\ishop\core\Router.php | Строка: 45
------------------
[2020-12-15 22:47:22] Текст ошибки:
        Страница не найдена | Файл: C:\OpenServerNew\OpenServer\domains\ishop2\vendor\ishop\core\Router.php | Строка: 45
------------------
[2020-12-15 22:48:37] Текст ошибки:
        Страница не найдена | Файл: C:\OpenServerNew\OpenServer\domains\ishop2\vendor\ishop\core\Router.php | Строка: 45
------------------
[2020-12-15 22:48:58] Текст ошибки:
        Страница не найдена | Файл: C:\OpenServerNew\OpenServer\domains\ishop2\vendor\ishop\core\Router.php | Строка: 45
------------------
[2020-12-15 23:00:23] Текст ошибки:
        Страница не найдена | Файл: C:\OpenServerNew\OpenServer\domains\ishop2\vendor\ishop\core\Router.php | Строка: 45
------------------
[2020-12-15 23:01:06] Текст ошибки:
        Страница не найдена | Файл: C:\OpenServerNew\OpenServer\domains\ishop2\vendor\ishop\core\Router.php | Строка: 45
------------------
[2020-12-15 23:08:21] Текст ошибки:
        Страница не найдена | Файл: C:\OpenServerNew\OpenServer\domains\ishop2\vendor\ishop\core\Router.php | Строка: 45
------------------
[2020-12-15 23:08:22] Текст ошибки:
        Страница не найдена | Файл: C:\OpenServerNew\OpenServer\domains\ishop2\vendor\ishop\core\Router.php | Строка: 45
------------------
[2020-12-16 00:04:07] Текст ошибки:
        Страница не найдена | Файл: C:\OpenServerNew\OpenServer\domains\ishop2\vendor\ishop\core\Router.php | Строка: 45
------------------
[2020-12-16 00:04:10] Текст ошибки:
        Страница не найдена | Файл: C:\OpenServerNew\OpenServer\domains\ishop2\vendor\ishop\core\Router.php | Строка: 45
------------------
[2020-12-16 00:08:24] Текст ошибки:
        Страница не найдена | Файл: C:\OpenServerNew\OpenServer\domains\ishop2\vendor\ishop\core\Router.php | Строка: 45
------------------
[2020-12-16 00:11:08] Текст ошибки:
        Страница не найдена | Файл: C:\OpenServerNew\OpenServer\domains\ishop2\vendor\ishop\core\Router.php | Строка: 45
------------------
[2020-12-16 00:13:11] Текст ошибки:
        Страница не найдена | Файл: C:\OpenServerNew\OpenServer\domains\ishop2\vendor\ishop\core\Router.php | Строка: 45
------------------
[2020-12-17 15:38:17] Текст ошибки:
        Страница не найдена | Файл: C:\OpenServerNew\OpenServer\domains\ishop2\vendor\ishop\core\Router.php | Строка: 45
------------------
[2020-12-17 15:38:22] Текст ошибки:
        Страница не найдена | Файл: C:\OpenServerNew\OpenServer\domains\ishop2\vendor\ishop\core\Router.php | Строка: 45
------------------
[2020-12-18 19:34:09] Текст ошибки:
        Страница не найдена | Файл: C:\OpenServerNew\OpenServer\domains\ishop2\vendor\ishop\core\Router.php | Строка: 45
------------------
[2020-12-18 22:38:48] Текст ошибки:
        Call to undefined method ishop\App::getProperties() | Файл: C:\OpenServerNew\OpenServer\domains\ishop2\public\index.php | Строка: 17
------------------
[2020-12-18 22:43:36] Текст ошибки:
        Undefined class constant 'app' | Файл: C:\OpenServerNew\OpenServer\domains\ishop2\public\index.php | Строка: 17
------------------
[2020-12-18 22:44:56] Текст ошибки:
        Undefined class constant 'app' | Файл: C:\OpenServerNew\OpenServer\domains\ishop2\public\index.php | Строка: 17
------------------
[2020-12-18 22:46:37] Текст ошибки:
        Undefined class constant 'app' | Файл: C:\OpenServerNew\OpenServer\domains\ishop2\public\index.php | Строка: 17
------------------
[2020-12-18 22:47:00] Текст ошибки:
        Undefined class constant 'app' | Файл: C:\OpenServerNew\OpenServer\domains\ishop2\public\index.php | Строка: 17
------------------
[2020-12-18 22:47:54] Текст ошибки:
        Undefined class constant 'app' | Файл: C:\OpenServerNew\OpenServer\domains\ishop2\public\index.php | Строка: 17
------------------
